07-22 16:48:28 com_github_MitjaNemec_PlaceFootprints.action_place_footprints 647:Plugin executed on: 'linux'
07-22 16:48:28 com_github_MitjaNemec_PlaceFootprints.action_place_footprints 648:Plugin executed with python version: '3.11.9 (main, Nov 10 2011, 15:00:00) [GCC 13.2.0]'
07-22 16:48:28 com_github_MitjaNemec_PlaceFootprints.action_place_footprints 649:KiCad build version: 8.0.4
07-22 16:48:28 com_github_MitjaNemec_PlaceFootprints.action_place_footprints 650:Plugin version: 3.0.0
07-22 16:48:28 com_github_MitjaNemec_PlaceFootprints.action_place_footprints 651:Frame repr: <wx._core.Frame object at 0x7fc0941cadd0>
07-22 16:48:28 com_github_MitjaNemec_PlaceFootprints.place_footprints 121:getting a list of all footprints on board
07-22 16:48:28 com_github_MitjaNemec_PlaceFootprints.place_footprints 156:Footprint teensy1 on root level
07-22 16:48:28 com_github_MitjaNemec_PlaceFootprints.place_footprints 156:Footprint SW1 on root level
07-22 16:48:28 com_github_MitjaNemec_PlaceFootprints.place_footprints 156:Footprint R16 on root level
07-22 16:48:28 com_github_MitjaNemec_PlaceFootprints.place_footprints 156:Footprint R15 on root level
07-22 16:48:28 com_github_MitjaNemec_PlaceFootprints.place_footprints 156:Footprint R14 on root level
07-22 16:48:28 com_github_MitjaNemec_PlaceFootprints.place_footprints 156:Footprint R13 on root level
07-22 16:48:28 com_github_MitjaNemec_PlaceFootprints.place_footprints 156:Footprint R12 on root level
07-22 16:48:28 com_github_MitjaNemec_PlaceFootprints.place_footprints 156:Footprint R11 on root level
07-22 16:48:28 com_github_MitjaNemec_PlaceFootprints.place_footprints 156:Footprint R10 on root level
07-22 16:48:28 com_github_MitjaNemec_PlaceFootprints.place_footprints 156:Footprint R9 on root level
07-22 16:48:28 com_github_MitjaNemec_PlaceFootprints.place_footprints 156:Footprint R8 on root level
07-22 16:48:28 com_github_MitjaNemec_PlaceFootprints.place_footprints 156:Footprint R7 on root level
07-22 16:48:28 com_github_MitjaNemec_PlaceFootprints.place_footprints 156:Footprint R6 on root level
07-22 16:48:28 com_github_MitjaNemec_PlaceFootprints.place_footprints 156:Footprint R5 on root level
07-22 16:48:28 com_github_MitjaNemec_PlaceFootprints.place_footprints 156:Footprint R4 on root level
07-22 16:48:28 com_github_MitjaNemec_PlaceFootprints.place_footprints 156:Footprint R3 on root level
07-22 16:48:28 com_github_MitjaNemec_PlaceFootprints.place_footprints 156:Footprint R2 on root level
07-22 16:48:28 com_github_MitjaNemec_PlaceFootprints.place_footprints 156:Footprint R1 on root level
07-22 16:48:28 com_github_MitjaNemec_PlaceFootprints.place_footprints 156:Footprint openmv1 on root level
07-22 16:48:28 com_github_MitjaNemec_PlaceFootprints.place_footprints 156:Footprint IR_controller2 on root level
07-22 16:48:28 com_github_MitjaNemec_PlaceFootprints.place_footprints 156:Footprint IR_controller1 on root level
07-22 16:48:28 com_github_MitjaNemec_PlaceFootprints.place_footprints 156:Footprint IR16 on root level
07-22 16:48:28 com_github_MitjaNemec_PlaceFootprints.place_footprints 156:Footprint IR15 on root level
07-22 16:48:28 com_github_MitjaNemec_PlaceFootprints.place_footprints 156:Footprint IR14 on root level
07-22 16:48:28 com_github_MitjaNemec_PlaceFootprints.place_footprints 156:Footprint IR13 on root level
07-22 16:48:28 com_github_MitjaNemec_PlaceFootprints.place_footprints 156:Footprint IR12 on root level
07-22 16:48:28 com_github_MitjaNemec_PlaceFootprints.place_footprints 156:Footprint IR11 on root level
07-22 16:48:28 com_github_MitjaNemec_PlaceFootprints.place_footprints 156:Footprint IR10 on root level
07-22 16:48:28 com_github_MitjaNemec_PlaceFootprints.place_footprints 156:Footprint IR9 on root level
07-22 16:48:28 com_github_MitjaNemec_PlaceFootprints.place_footprints 156:Footprint IR8 on root level
07-22 16:48:28 com_github_MitjaNemec_PlaceFootprints.place_footprints 156:Footprint IR7 on root level
07-22 16:48:28 com_github_MitjaNemec_PlaceFootprints.place_footprints 156:Footprint IR6 on root level
07-22 16:48:28 com_github_MitjaNemec_PlaceFootprints.place_footprints 156:Footprint IR5 on root level
07-22 16:48:28 com_github_MitjaNemec_PlaceFootprints.place_footprints 156:Footprint IR4 on root level
07-22 16:48:28 com_github_MitjaNemec_PlaceFootprints.place_footprints 156:Footprint IR3 on root level
07-22 16:48:28 com_github_MitjaNemec_PlaceFootprints.place_footprints 156:Footprint IR2 on root level
07-22 16:48:28 com_github_MitjaNemec_PlaceFootprints.place_footprints 156:Footprint IR1 on root level
07-22 16:48:28 com_github_MitjaNemec_PlaceFootprints.place_footprints 156:Footprint D11 on root level
07-22 16:48:28 com_github_MitjaNemec_PlaceFootprints.place_footprints 156:Footprint D10 on root level
07-22 16:48:28 com_github_MitjaNemec_PlaceFootprints.place_footprints 156:Footprint D9 on root level
07-22 16:48:28 com_github_MitjaNemec_PlaceFootprints.place_footprints 156:Footprint D8 on root level
07-22 16:48:28 com_github_MitjaNemec_PlaceFootprints.place_footprints 156:Footprint D7 on root level
07-22 16:48:28 com_github_MitjaNemec_PlaceFootprints.place_footprints 156:Footprint D6 on root level
07-22 16:48:28 com_github_MitjaNemec_PlaceFootprints.place_footprints 156:Footprint D5 on root level
07-22 16:48:28 com_github_MitjaNemec_PlaceFootprints.place_footprints 156:Footprint D4 on root level
07-22 16:48:28 com_github_MitjaNemec_PlaceFootprints.place_footprints 156:Footprint D3 on root level
07-22 16:48:28 com_github_MitjaNemec_PlaceFootprints.place_footprints 156:Footprint D2 on root level
07-22 16:48:28 com_github_MitjaNemec_PlaceFootprints.place_footprints 156:Footprint D1 on root level
07-22 16:48:29 com_github_MitjaNemec_PlaceFootprints.action_place_footprints 830:Reference designator is: R
07-22 16:48:29 com_github_MitjaNemec_PlaceFootprints.action_place_footprints 831:Reference number is: 1
07-22 16:48:29 com_github_MitjaNemec_PlaceFootprints.action_place_footprints 863:Sorted and filtered list:
['R1', 'R2', 'R3', 'R4', 'R5', 'R6', 'R7', 'R8', 'R9', 'R10', 'R11', 'R12', 'R13', 'R14', 'R15', 'R16']
07-22 16:48:29 com_github_MitjaNemec_PlaceFootprints.action_place_footprints 359:wx.Colour(246, 245, 244, 255)
07-22 16:48:33 com_github_MitjaNemec_PlaceFootprints.action_place_footprints 490:'40.5'
07-22 16:48:33 com_github_MitjaNemec_PlaceFootprints.action_place_footprints 542:Preparing config for reference circular
07-22 16:48:33 com_github_MitjaNemec_PlaceFootprints.action_place_footprints 556:Saving config file
07-22 16:48:33 com_github_MitjaNemec_PlaceFootprints.action_place_footprints 558:Saved the config file
07-22 16:48:33 com_github_MitjaNemec_PlaceFootprints.action_place_footprints 901:Footprints to place:
['R1', 'R2', 'R3', 'R4', 'R5', 'R6', 'R7', 'R8', 'R9', 'R10', 'R11', 'R12', 'R13', 'R14', 'R15', 'R16']
07-22 16:48:33 com_github_MitjaNemec_PlaceFootprints.place_footprints 330:Starting placing with circular layout
07-22 16:48:33 com_github_MitjaNemec_PlaceFootprints.place_footprints 340:reference footprint position at: VECTOR2I(120000000, 59500000)
07-22 16:48:33 com_github_MitjaNemec_PlaceFootprints.place_footprints 345:rotation center at: (120000000, 100000000.0)
07-22 16:48:33 com_github_MitjaNemec_PlaceFootprints.place_footprints 477:Text of: R1 has property "Keep upright" rotation might not look as intended
07-22 16:48:33 com_github_MitjaNemec_PlaceFootprints.place_footprints 477:Text of: R1 has property "Keep upright" rotation might not look as intended
07-22 16:48:33 com_github_MitjaNemec_PlaceFootprints.place_footprints 477:Text of: R1 has property "Keep upright" rotation might not look as intended
07-22 16:48:33 com_github_MitjaNemec_PlaceFootprints.place_footprints 477:Text of: R1 has property "Keep upright" rotation might not look as intended
07-22 16:48:33 com_github_MitjaNemec_PlaceFootprints.place_footprints 477:Text of: R1 has property "Keep upright" rotation might not look as intended
07-22 16:48:33 com_github_MitjaNemec_PlaceFootprints.place_footprints 477:Text of: R1 has property "Keep upright" rotation might not look as intended
07-22 16:48:33 com_github_MitjaNemec_PlaceFootprints.place_footprints 477:Text of: R1 has property "Keep upright" rotation might not look as intended
07-22 16:48:33 com_github_MitjaNemec_PlaceFootprints.place_footprints 477:Text of: R1 has property "Keep upright" rotation might not look as intended
07-22 16:48:33 com_github_MitjaNemec_PlaceFootprints.place_footprints 477:Text of: R1 has property "Keep upright" rotation might not look as intended
07-22 16:48:33 com_github_MitjaNemec_PlaceFootprints.place_footprints 477:Text of: R1 has property "Keep upright" rotation might not look as intended
07-22 16:48:33 com_github_MitjaNemec_PlaceFootprints.place_footprints 477:Text of: R1 has property "Keep upright" rotation might not look as intended
07-22 16:48:33 com_github_MitjaNemec_PlaceFootprints.place_footprints 477:Text of: R1 has property "Keep upright" rotation might not look as intended
07-22 16:48:33 com_github_MitjaNemec_PlaceFootprints.place_footprints 477:Text of: R1 has property "Keep upright" rotation might not look as intended
07-22 16:48:33 com_github_MitjaNemec_PlaceFootprints.place_footprints 477:Text of: R1 has property "Keep upright" rotation might not look as intended
07-22 16:48:33 com_github_MitjaNemec_PlaceFootprints.place_footprints 477:Text of: R1 has property "Keep upright" rotation might not look as intended
07-22 16:48:33 com_github_MitjaNemec_PlaceFootprints.place_footprints 477:Text of: R1 has property "Keep upright" rotation might not look as intended
07-22 16:48:33 com_github_MitjaNemec_PlaceFootprints.place_footprints 477:Text of: R1 has property "Keep upright" rotation might not look as intended
07-22 16:48:33 com_github_MitjaNemec_PlaceFootprints.place_footprints 477:Text of: R1 has property "Keep upright" rotation might not look as intended
07-22 16:48:33 com_github_MitjaNemec_PlaceFootprints.place_footprints 477:Text of: R1 has property "Keep upright" rotation might not look as intended
07-22 16:48:33 com_github_MitjaNemec_PlaceFootprints.place_footprints 477:Text of: R1 has property "Keep upright" rotation might not look as intended
07-22 16:48:33 com_github_MitjaNemec_PlaceFootprints.place_footprints 477:Text of: R1 has property "Keep upright" rotation might not look as intended
07-22 16:48:33 com_github_MitjaNemec_PlaceFootprints.place_footprints 477:Text of: R1 has property "Keep upright" rotation might not look as intended
07-22 16:48:33 com_github_MitjaNemec_PlaceFootprints.place_footprints 477:Text of: R1 has property "Keep upright" rotation might not look as intended
07-22 16:48:33 com_github_MitjaNemec_PlaceFootprints.place_footprints 477:Text of: R1 has property "Keep upright" rotation might not look as intended
07-22 16:48:33 com_github_MitjaNemec_PlaceFootprints.place_footprints 477:Text of: R1 has property "Keep upright" rotation might not look as intended
07-22 16:48:33 com_github_MitjaNemec_PlaceFootprints.place_footprints 477:Text of: R1 has property "Keep upright" rotation might not look as intended
07-22 16:48:33 com_github_MitjaNemec_PlaceFootprints.place_footprints 477:Text of: R1 has property "Keep upright" rotation might not look as intended
07-22 16:48:33 com_github_MitjaNemec_PlaceFootprints.place_footprints 477:Text of: R1 has property "Keep upright" rotation might not look as intended
07-22 16:48:33 com_github_MitjaNemec_PlaceFootprints.place_footprints 477:Text of: R1 has property "Keep upright" rotation might not look as intended
07-22 16:48:33 com_github_MitjaNemec_PlaceFootprints.place_footprints 477:Text of: R1 has property "Keep upright" rotation might not look as intended
07-22 16:48:33 com_github_MitjaNemec_PlaceFootprints.action_place_footprints 916:Placing complete
