07-27 14:17:12 com_github_MitjaNemec_PlaceFootprints.action_place_footprints 647:Plugin executed on: 'linux'
07-27 14:17:12 com_github_MitjaNemec_PlaceFootprints.action_place_footprints 648:Plugin executed with python version: '3.12.4 (main, Jul 15 2024, 12:17:32) [GCC 13.3.0]'
07-27 14:17:12 com_github_MitjaNemec_PlaceFootprints.action_place_footprints 649:KiCad build version: 8.0.4+dfsg-1
07-27 14:17:12 com_github_MitjaNemec_PlaceFootprints.action_place_footprints 650:Plugin version: 3.0.0
07-27 14:17:12 com_github_MitjaNemec_PlaceFootprints.action_place_footprints 651:Frame repr: <wx._core.Frame object at 0x7f0829ba5f40>
07-27 14:17:12 com_github_MitjaNemec_PlaceFootprints.place_footprints 121:getting a list of all footprints on board
07-27 14:17:12 com_github_MitjaNemec_PlaceFootprints.place_footprints 156:Footprint LED12 on root level
07-27 14:17:12 com_github_MitjaNemec_PlaceFootprints.place_footprints 156:Footprint LED11 on root level
07-27 14:17:12 com_github_MitjaNemec_PlaceFootprints.place_footprints 156:Footprint LED10 on root level
07-27 14:17:12 com_github_MitjaNemec_PlaceFootprints.place_footprints 156:Footprint LED9 on root level
07-27 14:17:12 com_github_MitjaNemec_PlaceFootprints.place_footprints 156:Footprint LED8 on root level
07-27 14:17:12 com_github_MitjaNemec_PlaceFootprints.place_footprints 156:Footprint LED7 on root level
07-27 14:17:12 com_github_MitjaNemec_PlaceFootprints.place_footprints 156:Footprint LED6 on root level
07-27 14:17:12 com_github_MitjaNemec_PlaceFootprints.place_footprints 156:Footprint LED5 on root level
07-27 14:17:12 com_github_MitjaNemec_PlaceFootprints.place_footprints 156:Footprint LED4 on root level
07-27 14:17:12 com_github_MitjaNemec_PlaceFootprints.place_footprints 156:Footprint LED3 on root level
07-27 14:17:12 com_github_MitjaNemec_PlaceFootprints.place_footprints 156:Footprint LED2 on root level
07-27 14:17:12 com_github_MitjaNemec_PlaceFootprints.place_footprints 156:Footprint LED1 on root level
07-27 14:17:12 com_github_MitjaNemec_PlaceFootprints.place_footprints 156:Footprint PR8 on root level
07-27 14:17:12 com_github_MitjaNemec_PlaceFootprints.place_footprints 156:Footprint PR7 on root level
07-27 14:17:12 com_github_MitjaNemec_PlaceFootprints.place_footprints 156:Footprint PR6 on root level
07-27 14:17:12 com_github_MitjaNemec_PlaceFootprints.place_footprints 156:Footprint PR5 on root level
07-27 14:17:12 com_github_MitjaNemec_PlaceFootprints.place_footprints 156:Footprint PR4 on root level
07-27 14:17:12 com_github_MitjaNemec_PlaceFootprints.place_footprints 156:Footprint PR3 on root level
07-27 14:17:12 com_github_MitjaNemec_PlaceFootprints.place_footprints 156:Footprint PR2 on root level
07-27 14:17:12 com_github_MitjaNemec_PlaceFootprints.place_footprints 156:Footprint PR1 on root level
07-27 14:17:13 com_github_MitjaNemec_PlaceFootprints.action_place_footprints 830:Reference designator is: LED
07-27 14:17:13 com_github_MitjaNemec_PlaceFootprints.action_place_footprints 831:Reference number is: 1
07-27 14:17:13 com_github_MitjaNemec_PlaceFootprints.action_place_footprints 863:Sorted and filtered list:
['LED1', 'LED2', 'LED3', 'LED4', 'LED5', 'LED6', 'LED7', 'LED8', 'LED9', 'LED10', 'LED11', 'LED12']
07-27 14:17:13 com_github_MitjaNemec_PlaceFootprints.action_place_footprints 359:wx.Colour(239, 240, 241, 255)
07-27 14:17:18 com_github_MitjaNemec_PlaceFootprints.action_place_footprints 490:'87'
07-27 14:17:18 com_github_MitjaNemec_PlaceFootprints.action_place_footprints 542:Preparing config for reference circular
07-27 14:17:18 com_github_MitjaNemec_PlaceFootprints.action_place_footprints 556:Saving config file
07-27 14:17:18 com_github_MitjaNemec_PlaceFootprints.action_place_footprints 558:Saved the config file
07-27 14:17:18 com_github_MitjaNemec_PlaceFootprints.action_place_footprints 901:Footprints to place:
['LED1', 'LED2', 'LED3', 'LED4', 'LED5', 'LED6', 'LED7', 'LED8', 'LED9', 'LED10', 'LED11', 'LED12']
07-27 14:17:18 com_github_MitjaNemec_PlaceFootprints.place_footprints 330:Starting placing with circular layout
07-27 14:17:18 com_github_MitjaNemec_PlaceFootprints.place_footprints 340:reference footprint position at: VECTOR2I(150000000, 13000000)
07-27 14:17:18 com_github_MitjaNemec_PlaceFootprints.place_footprints 345:rotation center at: (150000000, 100000000.0)
07-27 14:17:18 com_github_MitjaNemec_PlaceFootprints.place_footprints 477:Text of: LED1 has property "Keep upright" rotation might not look as intended
07-27 14:17:18 com_github_MitjaNemec_PlaceFootprints.place_footprints 477:Text of: LED1 has property "Keep upright" rotation might not look as intended
07-27 14:17:18 com_github_MitjaNemec_PlaceFootprints.place_footprints 477:Text of: LED1 has property "Keep upright" rotation might not look as intended
07-27 14:17:18 com_github_MitjaNemec_PlaceFootprints.place_footprints 477:Text of: LED1 has property "Keep upright" rotation might not look as intended
07-27 14:17:18 com_github_MitjaNemec_PlaceFootprints.place_footprints 477:Text of: LED1 has property "Keep upright" rotation might not look as intended
07-27 14:17:18 com_github_MitjaNemec_PlaceFootprints.place_footprints 477:Text of: LED1 has property "Keep upright" rotation might not look as intended
07-27 14:17:18 com_github_MitjaNemec_PlaceFootprints.place_footprints 477:Text of: LED1 has property "Keep upright" rotation might not look as intended
07-27 14:17:18 com_github_MitjaNemec_PlaceFootprints.place_footprints 477:Text of: LED1 has property "Keep upright" rotation might not look as intended
07-27 14:17:18 com_github_MitjaNemec_PlaceFootprints.place_footprints 477:Text of: LED1 has property "Keep upright" rotation might not look as intended
07-27 14:17:18 com_github_MitjaNemec_PlaceFootprints.place_footprints 477:Text of: LED1 has property "Keep upright" rotation might not look as intended
07-27 14:17:18 com_github_MitjaNemec_PlaceFootprints.place_footprints 477:Text of: LED1 has property "Keep upright" rotation might not look as intended
07-27 14:17:18 com_github_MitjaNemec_PlaceFootprints.place_footprints 477:Text of: LED1 has property "Keep upright" rotation might not look as intended
07-27 14:17:18 com_github_MitjaNemec_PlaceFootprints.place_footprints 477:Text of: LED1 has property "Keep upright" rotation might not look as intended
07-27 14:17:18 com_github_MitjaNemec_PlaceFootprints.place_footprints 477:Text of: LED1 has property "Keep upright" rotation might not look as intended
07-27 14:17:18 com_github_MitjaNemec_PlaceFootprints.place_footprints 477:Text of: LED1 has property "Keep upright" rotation might not look as intended
07-27 14:17:18 com_github_MitjaNemec_PlaceFootprints.place_footprints 477:Text of: LED1 has property "Keep upright" rotation might not look as intended
07-27 14:17:18 com_github_MitjaNemec_PlaceFootprints.place_footprints 477:Text of: LED1 has property "Keep upright" rotation might not look as intended
07-27 14:17:18 com_github_MitjaNemec_PlaceFootprints.place_footprints 477:Text of: LED1 has property "Keep upright" rotation might not look as intended
07-27 14:17:18 com_github_MitjaNemec_PlaceFootprints.place_footprints 477:Text of: LED1 has property "Keep upright" rotation might not look as intended
07-27 14:17:18 com_github_MitjaNemec_PlaceFootprints.place_footprints 477:Text of: LED1 has property "Keep upright" rotation might not look as intended
07-27 14:17:18 com_github_MitjaNemec_PlaceFootprints.place_footprints 477:Text of: LED1 has property "Keep upright" rotation might not look as intended
07-27 14:17:18 com_github_MitjaNemec_PlaceFootprints.place_footprints 477:Text of: LED1 has property "Keep upright" rotation might not look as intended
07-27 14:17:18 com_github_MitjaNemec_PlaceFootprints.place_footprints 477:Text of: LED1 has property "Keep upright" rotation might not look as intended
07-27 14:17:18 com_github_MitjaNemec_PlaceFootprints.place_footprints 477:Text of: LED1 has property "Keep upright" rotation might not look as intended
07-27 14:17:18 com_github_MitjaNemec_PlaceFootprints.place_footprints 477:Text of: LED1 has property "Keep upright" rotation might not look as intended
07-27 14:17:18 com_github_MitjaNemec_PlaceFootprints.place_footprints 477:Text of: LED1 has property "Keep upright" rotation might not look as intended
07-27 14:17:18 com_github_MitjaNemec_PlaceFootprints.place_footprints 477:Text of: LED1 has property "Keep upright" rotation might not look as intended
07-27 14:17:18 com_github_MitjaNemec_PlaceFootprints.place_footprints 477:Text of: LED1 has property "Keep upright" rotation might not look as intended
07-27 14:17:18 com_github_MitjaNemec_PlaceFootprints.place_footprints 477:Text of: LED1 has property "Keep upright" rotation might not look as intended
07-27 14:17:18 com_github_MitjaNemec_PlaceFootprints.place_footprints 477:Text of: LED1 has property "Keep upright" rotation might not look as intended
07-27 14:17:18 com_github_MitjaNemec_PlaceFootprints.place_footprints 477:Text of: LED1 has property "Keep upright" rotation might not look as intended
07-27 14:17:18 com_github_MitjaNemec_PlaceFootprints.place_footprints 477:Text of: LED1 has property "Keep upright" rotation might not look as intended
07-27 14:17:18 com_github_MitjaNemec_PlaceFootprints.place_footprints 477:Text of: LED1 has property "Keep upright" rotation might not look as intended
07-27 14:17:18 com_github_MitjaNemec_PlaceFootprints.action_place_footprints 916:Placing complete
